This is pdfTeX, Version 3.1415926-2.4-1.40.13 (TeX Live 2012/Arch Linux) (format=pdflatex 2012.12.10)  12 DEC 2012 14:41
entering extended mode
 restricted \write18 enabled.
 %&-line parsing enabled.
**listings.tex
(./listings.tex
LaTeX2e <2011/06/27>
Babel <v3.8m> and hyphenation patterns for english, dumylang, nohyphenation, ge
rman-x-2012-05-30, ngerman-x-2012-05-30, afrikaans, ancientgreek, ibycus, arabi
c, armenian, basque, bulgarian, catalan, pinyin, coptic, croatian, czech, danis
h, dutch, ukenglish, usenglishmax, esperanto, estonian, ethiopic, farsi, finnis
h, french, friulan, galician, german, ngerman, swissgerman, monogreek, greek, h
ungarian, icelandic, assamese, bengali, gujarati, hindi, kannada, malayalam, ma
rathi, oriya, panjabi, tamil, telugu, indonesian, interlingua, irish, italian, 
kurmanji, latin, latvian, lithuanian, mongolian, mongolianlmc, bokmal, nynorsk,
 polish, portuguese, romanian, romansh, russian, sanskrit, serbian, serbianc, s
lovak, slovenian, spanish, swedish, turkish, turkmen, ukrainian, uppersorbian, 
welsh, loaded.
(/usr/share/texmf-dist/tex/latex/base/article.cls
Document Class: article 2007/10/19 v1.4h Standard LaTeX document class
(/usr/share/texmf-dist/tex/latex/base/size10.clo
File: size10.clo 2007/10/19 v1.4h Standard LaTeX file (size option)
)
\c@part=\count79
\c@section=\count80
\c@subsection=\count81
\c@subsubsection=\count82
\c@paragraph=\count83
\c@subparagraph=\count84
\c@figure=\count85
\c@table=\count86
\abovecaptionskip=\skip41
\belowcaptionskip=\skip42
\bibindent=\dimen102
)
(/usr/share/texmf-dist/tex/latex/caption/caption.sty
Package: caption 2012/02/19 v3.2f Customizing captions (AR)

(/usr/share/texmf-dist/tex/latex/caption/caption3.sty
Package: caption3 2012/01/12 v1.4b caption3 kernel (AR)

(/usr/share/texmf-dist/tex/latex/graphics/keyval.sty
Package: keyval 1999/03/16 v1.13 key=value parser (DPC)
\KV@toks@=\toks14
)
\captionmargin=\dimen103
\captionmargin@=\dimen104
\captionwidth=\dimen105
\caption@indent=\dimen106
\caption@parindent=\dimen107
\caption@hangindent=\dimen108
)
\c@ContinuedFloat=\count87
)
(/usr/share/texmf-dist/tex/latex/graphics/graphics.sty
Package: graphics 2009/02/05 v1.0o Standard LaTeX Graphics (DPC,SPQR)

(/usr/share/texmf-dist/tex/latex/graphics/trig.sty
Package: trig 1999/03/16 v1.09 sin cos tan (DPC)
)
(/usr/share/texmf-dist/tex/latex/latexconfig/graphics.cfg
File: graphics.cfg 2010/04/23 v1.9 graphics configuration of TeX Live
)
Package graphics Info: Driver file: pdftex.def on input line 91.

(/usr/share/texmf-dist/tex/latex/pdftex-def/pdftex.def
File: pdftex.def 2011/05/27 v0.06d Graphics/color for pdfTeX

(/usr/share/texmf-dist/tex/generic/oberdiek/infwarerr.sty
Package: infwarerr 2010/04/08 v1.3 Providing info/warning/error messages (HO)
)
(/usr/share/texmf-dist/tex/generic/oberdiek/ltxcmds.sty
Package: ltxcmds 2011/11/09 v1.22 LaTeX kernel commands for general use (HO)
)
\Gread@gobject=\count88
))
(/usr/share/texmf-dist/tex/latex/listings/listings.sty
\lst@mode=\count89
\lst@gtempboxa=\box26
\lst@token=\toks15
\lst@length=\count90
\lst@currlwidth=\dimen109
\lst@column=\count91
\lst@pos=\count92
\lst@lostspace=\dimen110
\lst@width=\dimen111
\lst@newlines=\count93
\lst@lineno=\count94
\lst@maxwidth=\dimen112

(/usr/share/texmf-dist/tex/latex/listings/lstmisc.sty
File: lstmisc.sty 2007/02/22 1.4 (Carsten Heinz)
\c@lstnumber=\count95
\lst@skipnumbers=\count96
\lst@framebox=\box27
)
(/usr/share/texmf-dist/tex/latex/listings/listings.cfg
File: listings.cfg 2007/02/22 1.4 listings configuration
))
Package: listings 2007/02/22 1.4 (Carsten Heinz)

(/usr/share/texmf-dist/tex/latex/psnfss/courier.sty
Package: courier 2005/04/12 PSNFSS-v9.2a (WaS) 
)
(/usr/share/texmf-dist/tex/latex/graphics/color.sty
Package: color 2005/11/14 v1.0j Standard LaTeX Color (DPC)

(/usr/share/texmf-dist/tex/latex/latexconfig/color.cfg
File: color.cfg 2007/01/18 v1.5 color configuration of teTeX/TeXLive
)
Package color Info: Driver file: pdftex.def on input line 130.
)
(/usr/share/texmf-dist/tex/latex/geometry/geometry.sty
Package: geometry 2010/09/12 v5.6 Page Geometry

(/usr/share/texmf-dist/tex/generic/oberdiek/ifpdf.sty
Package: ifpdf 2011/01/30 v2.3 Provides the ifpdf switch (HO)
Package ifpdf Info: pdfTeX in PDF mode is detected.
)
(/usr/share/texmf-dist/tex/generic/oberdiek/ifvtex.sty
Package: ifvtex 2010/03/01 v1.5 Detect VTeX and its facilities (HO)
Package ifvtex Info: VTeX not detected.
)
(/usr/share/texmf-dist/tex/generic/ifxetex/ifxetex.sty
Package: ifxetex 2010/09/12 v0.6 Provides ifxetex conditional
)
\Gm@cnth=\count97
\Gm@cntv=\count98
\c@Gm@tempcnt=\count99
\Gm@bindingoffset=\dimen113
\Gm@wd@mp=\dimen114
\Gm@odd@mp=\dimen115
\Gm@even@mp=\dimen116
\Gm@layoutwidth=\dimen117
\Gm@layoutheight=\dimen118
\Gm@layouthoffset=\dimen119
\Gm@layoutvoffset=\dimen120
\Gm@dimlist=\toks16
)
(/usr/share/texmf-dist/tex/latex/listings/lstlang1.sty
File: lstlang1.sty 2004/09/05 1.3 listings language file
) (./listings.aux)
\openout1 = `listings.aux'.

LaTeX Font Info:    Checking defaults for OML/cmm/m/it on input line 50.
LaTeX Font Info:    ... okay on input line 50.
LaTeX Font Info:    Checking defaults for T1/cmr/m/n on input line 50.
LaTeX Font Info:    ... okay on input line 50.
LaTeX Font Info:    Checking defaults for OT1/cmr/m/n on input line 50.
LaTeX Font Info:    ... okay on input line 50.
LaTeX Font Info:    Checking defaults for OMS/cmsy/m/n on input line 50.
LaTeX Font Info:    ... okay on input line 50.
LaTeX Font Info:    Checking defaults for OMX/cmex/m/n on input line 50.
LaTeX Font Info:    ... okay on input line 50.
LaTeX Font Info:    Checking defaults for U/cmr/m/n on input line 50.
LaTeX Font Info:    ... okay on input line 50.
Package caption Info: Begin \AtBeginDocument code.
Package caption Info: listings package is loaded.
Package caption Info: End \AtBeginDocument code.

(/usr/share/texmf-dist/tex/context/base/supp-pdf.mkii
[Loading MPS to PDF converter (version 2006.09.02).]
\scratchcounter=\count100
\scratchdimen=\dimen121
\scratchbox=\box28
\nofMPsegments=\count101
\nofMParguments=\count102
\everyMPshowfont=\toks17
\MPscratchCnt=\count103
\MPscratchDim=\dimen122
\MPnumerator=\count104
\makeMPintoPDFobject=\count105
\everyMPtoPDFconversion=\toks18
) (/usr/share/texmf-dist/tex/generic/oberdiek/pdftexcmds.sty
Package: pdftexcmds 2011/11/29 v0.20 Utility functions of pdfTeX for LuaTeX (HO
)

(/usr/share/texmf-dist/tex/generic/oberdiek/ifluatex.sty
Package: ifluatex 2010/03/01 v1.3 Provides the ifluatex switch (HO)
Package ifluatex Info: LuaTeX not detected.
)
Package pdftexcmds Info: LuaTeX not detected.
Package pdftexcmds Info: \pdf@primitive is available.
Package pdftexcmds Info: \pdf@ifprimitive is available.
Package pdftexcmds Info: \pdfdraftmode found.
)
(/usr/share/texmf-dist/tex/latex/oberdiek/epstopdf-base.sty
Package: epstopdf-base 2010/02/09 v2.5 Base part for package epstopdf

(/usr/share/texmf-dist/tex/latex/oberdiek/grfext.sty
Package: grfext 2010/08/19 v1.1 Manage graphics extensions (HO)

(/usr/share/texmf-dist/tex/generic/oberdiek/kvdefinekeys.sty
Package: kvdefinekeys 2011/04/07 v1.3 Define keys (HO)
))
(/usr/share/texmf-dist/tex/latex/oberdiek/kvoptions.sty
Package: kvoptions 2011/06/30 v3.11 Key value format for package options (HO)

(/usr/share/texmf-dist/tex/generic/oberdiek/kvsetkeys.sty
Package: kvsetkeys 2012/04/25 v1.16 Key value parser (HO)

(/usr/share/texmf-dist/tex/generic/oberdiek/etexcmds.sty
Package: etexcmds 2011/02/16 v1.5 Avoid name clashes with e-TeX commands (HO)
Package etexcmds Info: Could not find \expanded.
(etexcmds)             That can mean that you are not using pdfTeX 1.50 or
(etexcmds)             that some package has redefined \expanded.
(etexcmds)             In the latter case, load this package earlier.
)))
Package grfext Info: Graphics extension search list:
(grfext)             [.png,.pdf,.jpg,.mps,.jpeg,.jbig2,.jb2,.PNG,.PDF,.JPG,.JPE
G,.JBIG2,.JB2,.eps]
(grfext)             \AppendGraphicsExtensions on input line 452.

(/usr/share/texmf-dist/tex/latex/latexconfig/epstopdf-sys.cfg
File: epstopdf-sys.cfg 2010/07/13 v1.3 Configuration of (r)epstopdf for TeX Liv
e
))
\c@lstlisting=\count106

*geometry* driver: auto-detecting
*geometry* detected driver: pdftex
*geometry* verbose mode - [ preamble ] result:
* driver: pdftex
* paper: <default>
* layout: <same size as paper>
* layoutoffset:(h,v)=(0.0pt,0.0pt)
* modes: 
* h-part:(L,W,R)=(85.35826pt, 443.57848pt, 85.35826pt)
* v-part:(T,H,B)=(56.9055pt, 681.15898pt, 56.9055pt)
* \paperwidth=614.295pt
* \paperheight=794.96999pt
* \textwidth=443.57848pt
* \textheight=681.15898pt
* \oddsidemargin=13.08827pt
* \evensidemargin=13.08827pt
* \topmargin=-52.36449pt
* \headheight=12.0pt
* \headsep=25.0pt
* \topskip=10.0pt
* \footskip=30.0pt
* \marginparwidth=65.0pt
* \marginparsep=11.0pt
* \columnsep=10.0pt
* \skip\footins=9.0pt plus 4.0pt minus 2.0pt
* \hoffset=0.0pt
* \voffset=0.0pt
* \mag=1000
* \@twocolumnfalse
* \@twosidefalse
* \@mparswitchfalse
* \@reversemarginfalse
* (1in=72.27pt=25.4mm, 1cm=28.453pt)

LaTeX Font Info:    External font `cmex10' loaded for size
(Font)              <8> on input line 55.
LaTeX Font Info:    External font `cmex10' loaded for size
(Font)              <6> on input line 55.
LaTeX Font Info:    External font `cmex10' loaded for size
(Font)              <5> on input line 55.

Overfull \hbox (6.0pt too wide) in paragraph at lines 55--55
[][][][][][][] 
 []

LaTeX Font Info:    Try loading font information for OT1+pcr on input line 55.
(/usr/share/texmf-dist/tex/latex/psnfss/ot1pcr.fd
File: ot1pcr.fd 2001/06/04 font definitions for OT1/pcr.
) (./include/Board.hpp
[1

{/var/lib/texmf/fonts/map/pdftex/updmap/pdftex.map}])
Overfull \hbox (6.0pt too wide) in paragraph at lines 56--56
[][][][][][][] 
 []

(./src/Board.cpp [2] [3])
Overfull \hbox (6.0pt too wide) in paragraph at lines 57--57
[][][][][][][] 
 []

(./include/CardChanceOrLoseMoney.hpp [4])
Overfull \hbox (6.0pt too wide) in paragraph at lines 58--58
[][][][][][][] 
 []

(./src/CardChanceOrLoseMoney.cpp
Missing character: There is no Â in font pcrr7t!
Missing character: There is no £ in font pcrr7t!
)
Overfull \hbox (6.0pt too wide) in paragraph at lines 59--59
[][][][][][][] 
 []

(./include/CardGetOutOfJail.hpp [5])
Overfull \hbox (6.0pt too wide) in paragraph at lines 60--60
[][][][][][][] 
 []

(./src/CardGetOutOfJail.cpp)
Overfull \hbox (6.0pt too wide) in paragraph at lines 61--61
[][][][][][][] 
 []

(./include/CardGoToJail.hpp) [6]
Overfull \hbox (6.0pt too wide) in paragraph at lines 62--62
[][][][][][][] 
 []

(./src/CardGoToJail.cpp)
Overfull \hbox (6.0pt too wide) in paragraph at lines 63--63
[][][][][][][] 
 []

(./include/Card.hpp)
Overfull \hbox (6.0pt too wide) in paragraph at lines 64--64
[][][][][][][] 
 []

(./src/Card.cpp [7])
Overfull \hbox (6.0pt too wide) in paragraph at lines 65--65
[][][][][][][] 
 []

(./include/CardMovePlayerBack.hpp)
Overfull \hbox (6.0pt too wide) in paragraph at lines 66--66
[][][][][][][] 
 []

(./src/CardMovePlayerBack.cpp)
Overfull \hbox (6.0pt too wide) in paragraph at lines 67--67
[][][][][][][] 
 []

(./include/CardMovePlayerToPosition.hpp [8])
Overfull \hbox (6.0pt too wide) in paragraph at lines 68--68
[][][][][][][] 
 []

(./src/CardMovePlayerToPosition.cpp)
Overfull \hbox (6.0pt too wide) in paragraph at lines 69--69
[][][][][][][] 
 []

(./include/CardReceiveMoneyFromPlayers.hpp [9])
Overfull \hbox (6.0pt too wide) in paragraph at lines 70--70
[][][][][][][] 
 []

(./src/CardReceiveMoneyFromPlayers.cpp)
Overfull \hbox (6.0pt too wide) in paragraph at lines 71--71
[][][][][][][] 
 []

(./include/CardReceiveMoney.hpp [10])
Overfull \hbox (6.0pt too wide) in paragraph at lines 72--72
[][][][][][][] 
 []

(./src/CardReceiveMoney.cpp)
Overfull \hbox (6.0pt too wide) in paragraph at lines 73--73
[][][][][][][] 
 []

(./include/CardsManager.hpp [11])
Overfull \hbox (6.0pt too wide) in paragraph at lines 74--74
[][][][][][][] 
 []

(./src/CardsManager.cpp [12]
Missing character: There is no Â in font pcrr7t!
Missing character: There is no £ in font pcrr7t!
 [13]
Missing character: There is no Â in font pcrr7t!
Missing character: There is no £ in font pcrr7t!
 [14] [15])
Overfull \hbox (6.0pt too wide) in paragraph at lines 75--75
[][][][][][][] 
 []

(./include/CardStreetRepairs.hpp)
Overfull \hbox (6.0pt too wide) in paragraph at lines 76--76
[][][][][][][] 
 []

(./src/CardStreetRepairs.cpp [16])
Overfull \hbox (6.0pt too wide) in paragraph at lines 77--77
[][][][][][][] 
 []

(./include/CardTakeMoney.hpp)
Overfull \hbox (6.0pt too wide) in paragraph at lines 78--78
[][][][][][][] 
 []

(./src/CardTakeMoney.cpp [17])
Overfull \hbox (6.0pt too wide) in paragraph at lines 79--79
[][][][][][][] 
 []

(./include/Dice.hpp)
Overfull \hbox (6.0pt too wide) in paragraph at lines 80--80
[][][][][][][] 
 []

(./src/Dice.cpp [18])
Overfull \hbox (6.0pt too wide) in paragraph at lines 81--81
[][][][][][][] 
 []

(./include/Game.hpp [19])
Overfull \hbox (6.0pt too wide) in paragraph at lines 82--82
[][][][][][][] 
 []

(./src/Game.cpp [20] [21] [22])
Overfull \hbox (6.0pt too wide) in paragraph at lines 83--83
[][][][][][][] 
 []

(./include/GetACardTIle.hpp)
Overfull \hbox (6.0pt too wide) in paragraph at lines 84--84
[][][][][][][] 
 []

(./src/GetACardTIle.cpp [23])
Overfull \hbox (6.0pt too wide) in paragraph at lines 85--85
[][][][][][][] 
 []

(./include/GroupOfProperties.hpp [24])
Overfull \hbox (6.0pt too wide) in paragraph at lines 86--86
[][][][][][][] 
 []

(./src/GroupOfProperties.cpp [25])
Overfull \hbox (6.0pt too wide) in paragraph at lines 87--87
[][][][][][][] 
 []

(./include/GroupsManager.hpp [26])
Overfull \hbox (6.0pt too wide) in paragraph at lines 88--88
[][][][][][][] 
 []

(./src/GroupsManager.cpp [27] [28])
Overfull \hbox (6.0pt too wide) in paragraph at lines 89--89
[][][][][][][] 
 []

(./include/NormalProperty.hpp [29])
Overfull \hbox (6.0pt too wide) in paragraph at lines 90--90
[][][][][][][] 
 []

(./src/NormalProperty.cpp [30] [31])
Overfull \hbox (6.0pt too wide) in paragraph at lines 91--91
[][][][][][][] 
 []

(./include/Order.hpp)
Overfull \hbox (6.0pt too wide) in paragraph at lines 92--92
[][][][][][][] 
 []

(./src/Order.cpp [32])
Overfull \hbox (6.0pt too wide) in paragraph at lines 93--93
[][][][][][][] 
 []

(./include/Player.hpp [33])
Overfull \hbox (6.0pt too wide) in paragraph at lines 94--94
[][][][][][][] 
 []

(./src/Player.cpp [34])
Overfull \hbox (6.0pt too wide) in paragraph at lines 95--95
[][][][][][][] 
 []

(./include/PlayerManager.hpp [35] [36])
Overfull \hbox (6.0pt too wide) in paragraph at lines 96--96
[][][][][][][] 
 []

(./src/PlayerManager.cpp [37] [38] [39] [40])
Overfull \hbox (6.0pt too wide) in paragraph at lines 97--97
[][][][][][][] 
 []

(./include/Property.hpp [41])
Overfull \hbox (6.0pt too wide) in paragraph at lines 98--98
[][][][][][][] 
 []

(./src/Property.cpp [42])
Overfull \hbox (6.0pt too wide) in paragraph at lines 99--99
[][][][][][][] 
 []

(./include/Station.hpp [43])
Overfull \hbox (6.0pt too wide) in paragraph at lines 100--100
[][][][][][][] 
 []

(./src/Station.cpp [44])
Overfull \hbox (6.0pt too wide) in paragraph at lines 101--101
[][][][][][][] 
 []

(./include/Tile.hpp [45])
Overfull \hbox (6.0pt too wide) in paragraph at lines 102--102
[][][][][][][] 
 []

(./src/Tile.cpp [46])
Overfull \hbox (6.0pt too wide) in paragraph at lines 103--103
[][][][][][][] 
 []

(./include/Utility.hpp [47])
Overfull \hbox (6.0pt too wide) in paragraph at lines 104--104
[][][][][][][] 
 []

(./src/Utility.cpp) [48] (./listings.aux) ) 
Here is how much of TeX's memory you used:
 4337 strings out of 493488
 66891 string characters out of 3146891
 352565 words of memory out of 3000000
 7486 multiletter control sequences out of 15000+200000
 7200 words of font info for 26 fonts, out of 3000000 for 9000
 957 hyphenation exceptions out of 8191
 38i,6n,39p,234b,1481s stack positions out of 5000i,500n,10000p,200000b,50000s
{/usr/share/texmf-dist/fonts/enc/dvi
ps/base/8r.enc}</usr/share/texmf-dist/fonts/type1/public/amsfonts/cm/cmbx12.pfb
></usr/share/texmf-dist/fonts/type1/public/amsfonts/cm/cmbx8.pfb></usr/share/te
xmf-dist/fonts/type1/public/amsfonts/cm/cmr10.pfb></usr/share/texmf-dist/fonts/
type1/urw/courier/ucrr8a.pfb>
Output written on listings.pdf (48 pages, 106351 bytes).
PDF statistics:
 177 PDF objects out of 1000 (max. 8388607)
 121 compressed objects within 2 object streams
 0 named destinations out of 1000 (max. 500000)
 1 words of extra memory for PDF output out of 10000 (max. 10000000)

